[0m[[0mdebug[0m] [0mRunning TaskDef(co.com.scalatraining.collections.ListMapSuite, org.scalatest.tools.Framework$$anon$1@11784709, false, [SuiteSelector])[0m
[0m[[0minfo[0m] [0m[36mRun completed in 91 milliseconds.[0m[0m
[0m[[0minfo[0m] [0m[36mTotal number of tests run: 7[0m[0m
[0m[[0minfo[0m] [0m[36mSuites: completed 1, aborted 0[0m[0m
[0m[[0minfo[0m] [0m[36mTests: succeeded 6, failed 1, canceled 0, ignored 0, pending 0[0m[0m
[0m[[0minfo[0m] [0m[31m*** 1 TEST FAILED ***[0m[0m
[0m[[31merror[0m] [0mFailed tests:[0m
[0m[[31merror[0m] [0m	co.com.scalatraining.collections.ListMapSuite[0m
[0m[[31merror[0m] [0m(test:[31mtestOnly[0m) sbt.TestsFailedException: Tests unsuccessful[0m
